
User Configuration
-------------------------------------
Algorithm				:	Low_Power
Memory Type				:	Simple_Dual_Port_RAM
Port A Write Width		:	16
Port B Read Width		:	16
Memory Depth			:	256
--------------------------------------------------------------

Block RAM resource(s) (18K BRAMs)		: 1
Block RAM resource(s) (36K BRAMs)		: 0
--------------------------------------------------------------
Clock A Frequency		:  100
Clock B Frequency		:  100
Port A Enable Rate		:  100
Port B Enable Rate		:  100
Port A Write Rate		:  50
Port B Write Rate		:  0
----------------------------------------------------------
Estimated Power for IP : 2.765058 mW
----------------------------------------------------------
