INFO:sim:172 - Generating IP...
Resolving generics for 'mappingRAM'...
Applying external generics to 'mappingRAM'...
Delivering associated files for 'mappingRAM'...
Delivering EJava files for 'mappingRAM'...
Generating implementation netlist for 'mappingRAM'...
INFO:sim - Pre-processing HDL files for 'mappingRAM'...
Running synthesis for 'mappingRAM'
Running ngcbuild...
Writing VEO instantiation template for 'mappingRAM'...
Writing Verilog behavioral simulation model for 'mappingRAM'...
WARNING:sim - Overwriting existing file
   C:/Users/Administrator/Desktop/20180107EVR_project/source_code/MappingRAM/tmp
   /_cg/mappingRAM/doc/blk_mem_gen_v7_3_vinfo.html with file from view
   xilinx_documentation
Delivered 1 file into directory
C:/Users/Administrator/Desktop/20180107EVR_project/source_code/MappingRAM/tmp/_c
g/mappingRAM
Generating ASY schematic symbol...
INFO:sim:949 - Finished generation of ASY schematic symbol.
Generating SYM schematic symbol for 'mappingRAM'...
Generating metadata file...
Generating ISE project file for 'mappingRAM'...
Generating ISE project...
XCO file found: mappingRAM.xco
XMDF file found: mappingRAM_xmdf.tcl
Adding
C:/Users/Administrator/Desktop/20180107EVR_project/source_code/MappingRAM/tmp/_c
g/mappingRAM.asy -view all -origin_type imported
Adding
C:/Users/Administrator/Desktop/20180107EVR_project/source_code/MappingRAM/tmp/_c
g/mappingRAM.ngc -view all -origin_type created
Checking file
"C:/Users/Administrator/Desktop/20180107EVR_project/source_code/MappingRAM/tmp/_
cg/mappingRAM.ngc" for project device match ...
File
"C:/Users/Administrator/Desktop/20180107EVR_project/source_code/MappingRAM/tmp/_
cg/mappingRAM.ngc" device information matches project device.
Adding
C:/Users/Administrator/Desktop/20180107EVR_project/source_code/MappingRAM/tmp/_c
g/mappingRAM.sym -view all -origin_type imported
Adding
C:/Users/Administrator/Desktop/20180107EVR_project/source_code/MappingRAM/tmp/_c
g/mappingRAM.v -view all -origin_type created
INFO:HDLCompiler:1845 - Analyzing Verilog file
   "C:/Users/Administrator/Desktop/20180107EVR_project/source_code/MappingRAM/tm
   p/_cg/mappingRAM.v" into library work
INFO:ProjectMgmt - Parsing design hierarchy completed successfully.
Adding
C:/Users/Administrator/Desktop/20180107EVR_project/source_code/MappingRAM/tmp/_c
g/mappingRAM.veo -view all -origin_type imported
INFO:TclTasksC:2116 - The automatic calculation of top has been turned-off.
   Please set the new top explicitly by running the "project set top" command.
   To re-calculate the new top automatically, set the "Auto Implementation Top"
   property to true.
Top level has been set to "/mappingRAM"
Generating README file...
Generating FLIST file...
INFO:sim:948 - Finished FLIST file generation.
Launching README viewer...
Moving files to output directory...
Finished moving files to output directory
Wrote CGP file for project 'mappingRAM'.
